<?xml version="1.0" encoding="UTF-8"?>
<!-- Generated by org.testng.reporters.JUnitReportReporter -->
<testsuite hostname="NIT-NTB-425" name="com.tests.DemoQATest" tests="1" failures="0" timestamp="21 Jun 2016 09:06:44 GMT" time="14.823" errors="0">
  <testcase name="testEasy" time="14.823" classname="com.tests.DemoQATest"/>
</testsuite> <!-- com.tests.DemoQATest -->
